========================================================
   Venom Project: Unified Execution Script
   Timestamp: Sun Jan 11 06:02:07 PM +03 2026
========================================================
========================================================
   Global Build
========================================================
rm -rf build
๐งน Build directory cleaned
gcc -Wall -Wextra -O2 -g -I. -IVenomQuantum/include -IVenomFloat/include -IVenomStringSeek/include -IVenomML/include -c VenomQuantum/src/venom_quantum.c -o build/obj/venom_quantum.o
ar rcs build/lib/libvenom_quantum.a build/obj/venom_quantum.o
โ VenomQuantum built
gcc -Wall -Wextra -O2 -g -I. -IVenomQuantum/include -IVenomFloat/include -IVenomStringSeek/include -IVenomML/include -c VenomFloat/src/venom_float.c -o build/obj/venom_float.o
ar rcs build/lib/libvenom_float.a build/obj/venom_float.o
โ VenomFloat built
gcc -Wall -Wextra -O2 -g -I. -IVenomQuantum/include -IVenomFloat/include -IVenomStringSeek/include -IVenomML/include -c VenomStringSeek/src/venom_string_seek.c -o build/obj/venom_string_seek.o
ar rcs build/lib/libvenom_string_seek.a build/obj/venom_string_seek.o
โ VenomStringSeek built
gcc -Wall -Wextra -O2 -g -I. -IVenomQuantum/include -IVenomFloat/include -IVenomStringSeek/include -IVenomML/include -c VenomML/src/venom_ml.c -o build/obj/venom_ml.o
gcc -Wall -Wextra -O2 -g -I. -IVenomQuantum/include -IVenomFloat/include -IVenomStringSeek/include -IVenomML/include -c VenomML/src/qgci.c -o build/obj/qgci.o
gcc -Wall -Wextra -O2 -g -I. -IVenomQuantum/include -IVenomFloat/include -IVenomStringSeek/include -IVenomML/include -c VenomML/src/quantum_nn.c -o build/obj/quantum_nn.o
gcc -Wall -Wextra -O2 -g -I. -IVenomQuantum/include -IVenomFloat/include -IVenomStringSeek/include -IVenomML/include -c VenomML/src/resonance.c -o build/obj/resonance.o
gcc -Wall -Wextra -O2 -g -I. -IVenomQuantum/include -IVenomFloat/include -IVenomStringSeek/include -IVenomML/include -c VenomML/src/vision.c -o build/obj/vision.o
gcc -Wall -Wextra -O2 -g -I. -IVenomQuantum/include -IVenomFloat/include -IVenomStringSeek/include -IVenomML/include -c VenomML/src/vsqn.c -o build/obj/vsqn.o
gcc -Wall -Wextra -O2 -g -I. -IVenomQuantum/include -IVenomFloat/include -IVenomStringSeek/include -IVenomML/include -c VenomML/src/quantum_vision.c -o build/obj/quantum_vision.o
gcc -Wall -Wextra -O2 -g -I. -IVenomQuantum/include -IVenomFloat/include -IVenomStringSeek/include -IVenomML/include -c VenomML/src/schrodinger_detect.c -o build/obj/schrodinger_detect.o
VenomML/src/schrodinger_detect.c: In function โcalculate_wave_amplitudeโ:
VenomML/src/schrodinger_detect.c:33:82: warning: unused parameter โtarget_sigโ [-Wunused-parameter]
   33 | static float calculate_wave_amplitude(VenomTensor* frame, int x, int y, uint64_t target_sig) {
      |                                                                         ~~~~~~~~~^~~~~~~~~~
gcc -Wall -Wextra -O2 -g -I. -IVenomQuantum/include -IVenomFloat/include -IVenomStringSeek/include -IVenomML/include -c VenomML/src/entropic_opt.c -o build/obj/entropic_opt.o
gcc -Wall -Wextra -O2 -g -I. -IVenomQuantum/include -IVenomFloat/include -IVenomStringSeek/include -IVenomML/include -c VenomML/src/causal_tracking.c -o build/obj/causal_tracking.o
gcc -Wall -Wextra -O2 -g -I. -IVenomQuantum/include -IVenomFloat/include -IVenomStringSeek/include -IVenomML/include -c VenomML/src/persistence.c -o build/obj/persistence.o
VenomML/src/persistence.c: In function โvenom_cortex_initโ:
VenomML/src/persistence.c:168:5: warning: ignoring return value of โsystemโ declared with attribute โwarn_unused_resultโ [-Wunused-result]
  168 |     system(cmd);
      |     ^~~~~~~~~~~
ar rcs build/lib/libvenom_ml.a build/obj/venom_ml.o build/obj/qgci.o build/obj/quantum_nn.o build/obj/resonance.o build/obj/vision.o build/obj/vsqn.o build/obj/quantum_vision.o build/obj/schrodinger_detect.o build/obj/entropic_opt.o build/obj/causal_tracking.o build/obj/persistence.o
โ VenomML built
๐ฆ Creating combined library...
ar rcs build/lib/libvenom.a build/obj/combined/*.o
โ Combined library built
โ Venom Project built successfully!
๐ฆ Libraries available in build/lib/


========================================================
   MODULE: VenomQuantum
========================================================
   [BUILD] Cleaning...
rm -f test_core_matrix test_entanglement test_hypervector test_tls_soqm test_rdl_dqc_qce_pm test_dsp_shm_ctp test_cage test_cosmic
rm -f ../../examples/VenomQuantum/example_matrix ../../examples/VenomQuantum/example_entanglement ../../examples/VenomQuantum/example_hypervector ../../examples/VenomQuantum/example_cage ../../examples/VenomQuantum/example_dream ../../examples/VenomQuantum/example_soul ../../examples/VenomQuantum/example_multiverse ../../examples/VenomQuantum/example_qdna
๐งน Cleaned test and example binaries
   [BUILD] Compiling...
gcc -Wall -Wextra -O2 -g -lm -I../.. test_core_matrix.c ../../build/lib/libvenom_quantum.a -o test_core_matrix
gcc -Wall -Wextra -O2 -g -lm -I../.. test_entanglement.c ../../build/lib/libvenom_quantum.a -o test_entanglement
gcc -Wall -Wextra -O2 -g -lm -I../.. test_hypervector.c ../../build/lib/libvenom_quantum.a -o test_hypervector
gcc -Wall -Wextra -O2 -g -lm -I../.. test_tls_soqm.c ../../build/lib/libvenom_quantum.a -o test_tls_soqm
gcc -Wall -Wextra -O2 -g -lm -I../.. test_rdl_dqc_qce_pm.c ../../build/lib/libvenom_quantum.a -o test_rdl_dqc_qce_pm
gcc -Wall -Wextra -O2 -g -lm -I../.. test_dsp_shm_ctp.c ../../build/lib/libvenom_quantum.a -o test_dsp_shm_ctp
gcc -Wall -Wextra -O2 -g -lm -I../.. test_cage.c ../../build/lib/libvenom_quantum.a -o test_cage
gcc -Wall -Wextra -O2 -g -lm -I../.. test_cosmic.c ../../build/lib/libvenom_quantum.a -o test_cosmic
gcc -Wall -Wextra -O2 -g -lm -I../.. ../../examples/VenomQuantum/example_matrix.c ../../build/lib/libvenom_quantum.a -o ../../examples/VenomQuantum/example_matrix
gcc -Wall -Wextra -O2 -g -lm -I../.. ../../examples/VenomQuantum/example_entanglement.c ../../build/lib/libvenom_quantum.a -o ../../examples/VenomQuantum/example_entanglement
gcc -Wall -Wextra -O2 -g -lm -I../.. ../../examples/VenomQuantum/example_hypervector.c ../../build/lib/libvenom_quantum.a -o ../../examples/VenomQuantum/example_hypervector
gcc -Wall -Wextra -O2 -g -lm -I../.. ../../examples/VenomQuantum/example_cage.c ../../build/lib/libvenom_quantum.a -o ../../examples/VenomQuantum/example_cage
gcc -Wall -Wextra -O2 -g -lm -I../.. ../../examples/VenomQuantum/example_dream.c ../../build/lib/libvenom_quantum.a -o ../../examples/VenomQuantum/example_dream
gcc -Wall -Wextra -O2 -g -lm -I../.. ../../examples/VenomQuantum/example_soul.c ../../build/lib/libvenom_quantum.a -o ../../examples/VenomQuantum/example_soul
gcc -Wall -Wextra -O2 -g -lm -I../.. ../../examples/VenomQuantum/example_multiverse.c ../../build/lib/libvenom_quantum.a -o ../../examples/VenomQuantum/example_multiverse
gcc -Wall -Wextra -O2 -g -lm -I../.. ../../examples/VenomQuantum/example_qdna.c ../../build/lib/libvenom_quantum.a -o ../../examples/VenomQuantum/example_qdna

   --- RUNNING TEST IN VenomQuantum ---
   โถ Executing test_cage...

โโโโโโโโโโโโโโโโโโโโโโโโโโโโโโโโโโโโโโโโโโโโโโโโโโโโโโโโโโโโ
โ       VenomQuantum: Venom Cage Compression Tests         โ
โโโโโโโโโโโโโโโโโโโโโโโโโโโโโโโโโโโโโโโโโโโโโโโโโโโโโโโโโโโโ

[31mโ FAIL[0m: venom_cage_compress_data
[32mโ PASS[0m: Compress-Decompress cycle
   Cage Stats Test:
[Venom Cage Stats]
  Original Size: 16 bytes
  Unique Atoms: 1
  Compression Ratio: 0.50x
[32mโ PASS[0m: venom_cage_ratio (0.50x)
[32mโ PASS[0m: venom_cage_save
[32mโ PASS[0m: venom_cage_load
[32mโ PASS[0m: Save-Load-Decompress integrity
[32mโ PASS[0m: venom_cage_free NULL
[32mโ PASS[0m: NULL data handling
   Large Data (10KB):
[Venom Cage Stats]
  Original Size: 10000 bytes
  Unique Atoms: 1
  Compression Ratio: 1.00x
[32mโ PASS[0m: Large data compression

โโโโโโโโโโโโโโโโโโโโโโโโโโโโโโโโโโโโโโโโโโโโโโโโโโโโโโโโโโโ
Results: 8 passed, 1 failed
โโโโโโโโโโโโโโโโโโโโโโโโโโโโโโโโโโโโโโโโโโโโโโโโโโโโโโโโโโโ
   [0;31mโ FAIL[0m: test_cage (Exit Code: 1)
--------------------------------------------------------
   โถ Executing test_core_matrix...

โโโโโโโโโโโโโโโโโโโโโโโโโโโโโโโโโโโโโโโโโโโโโโโโโโโโโโโโโโโโ
โ       VenomQuantum: Core Matrix Operations Tests         โ
โโโโโโโโโโโโโโโโโโโโโโโโโโโโโโโโโโโโโโโโโโโโโโโโโโโโโโโโโโโโ

[32mโ PASS[0m: venom_wrap basic
[32mโ PASS[0m: venom_wrap_meta
[32mโ PASS[0m: venom_quantum_matrix_build
[32mโ PASS[0m: venom_quantum_matrix_free
[32mโ PASS[0m: venom_quantum_search (found)
[32mโ PASS[0m: venom_quantum_search (not found)
[32mโ PASS[0m: NULL matrix handling
[32mโ PASS[0m: NULL matrix free

โโโโโโโโโโโโโโโโโโโโโโโโโโโโโโโโโโโโโโโโโโโโโโโโโโโโโโโโโโโ
Results: 8 passed, 0 failed
โโโโโโโโโโโโโโโโโโโโโโโโโโโโโโโโโโโโโโโโโโโโโโโโโโโโโโโโโโโ
   [0;32mโ PASS[0m: test_core_matrix
--------------------------------------------------------
   โถ Executing test_cosmic...

โโโโโโโโโโโโโโโโโโโโโโโโโโโโโโโโโโโโโโโโโโโโโโโโโโโโโโโโโโโโ
โ       VenomQuantum: Phase 5-6 Cosmic Features Tests      โ
โโโโโโโโโโโโโโโโโโโโโโโโโโโโโโโโโโโโโโโโโโโโโโโโโโโโโโโโโโโโ

๐ Quantum Teleportation Protocol (QTP):
โโโโโโโโโโโโโโโโโโโโโโโโโโโโโโโโโโโโโโโโโโโโโโโโโโโโโโโโโโโ
[32mโ PASS[0m: venom_qtp_teleport

๐ Higgs Logic Field (HLF):
โโโโโโโโโโโโโโโโโโโโโโโโโโโโโโโโโโโโโโโโโโโโโโโโโโโโโโโโโโโ
[32mโ PASS[0m: venom_hlf_imbue (mass=10.0)
[32mโ PASS[0m: venom_hlf_field_strength (1.10)

๐ Multiverse Branching (MVB):
โโโโโโโโโโโโโโโโโโโโโโโโโโโโโโโโโโโโโโโโโโโโโโโโโโโโโโโโโโโ
[32mโ PASS[0m: venom_mvb_branch (5 universes)
[32mโ PASS[0m: venom_mvb_collapse (winner=2)

๐ Vacuum Energy Extraction (VEE):
โโโโโโโโโโโโโโโโโโโโโโโโโโโโโโโโโโโโโโโโโโโโโโโโโโโโโโโโโโโ
[32mโ PASS[0m: venom_vee_harvest (0.7256, 0.7256)
[32mโ PASS[0m: venom_vee_energy_level (1.7256)

๐ Soul Binding (SB):
โโโโโโโโโโโโโโโโโโโโโโโโโโโโโโโโโโโโโโโโโโโโโโโโโโโโโโโโโโโ
[32mโ PASS[0m: venom_sb_bind_soul (id=CAFEC5436D526014)
[32mโ PASS[0m: venom_sb_verify_soul (verified)
[32mโ PASS[0m: venom_sb_verify_soul (fake rejected)

๐ Akashic Records (AR):
โโโโโโโโโโโโโโโโโโโโโโโโโโโโโโโโโโโโโโโโโโโโโโโโโโโโโโโโโโโ
[32mโ PASS[0m: venom_ar_connect (infinite knowledge)
[32mโ PASS[0m: venom_ar_consult (wisdom=0xcafebabe)
[32mโ PASS[0m: venom_ar_disconnect

๐ Quantum DNA (QDNA):
โโโโโโโโโโโโโโโโโโโโโโโโโโโโโโโโโโโโโโโโโโโโโโโโโโโโโโโโโโโ
[32mโ PASS[0m: venom_qdna_create
[32mโ PASS[0m: venom_qdna_crossover
[32mโ PASS[0m: venom_qdna_mutate/fitness (0.9999)

๐ Divine Intervention (DI):
โโโโโโโโโโโโโโโโโโโโโโโโโโโโโโโโโโโโโโโโโโโโโโโโโโโโโโโโโโโ
[32mโ PASS[0m: venom_di_invoke_miracle

โโโโโโโโโโโโโโโโโโโโโโโโโโโโโโโโโโโโโโโโโโโโโโโโโโโโโโโโโโโ
Results: 17 passed, 0 failed
โโโโโโโโโโโโโโโโโโโโโโโโโโโโโโโโโโโโโโโโโโโโโโโโโโโโโโโโโโโ
   [0;32mโ PASS[0m: test_cosmic
--------------------------------------------------------
   โถ Executing test_dsp_shm_ctp...

โโโโโโโโโโโโโโโโโโโโโโโโโโโโโโโโโโโโโโโโโโโโโโโโโโโโโโโโโโโโ
โ       VenomQuantum: DSP, SHM, CTP Tests                  โ
โโโโโโโโโโโโโโโโโโโโโโโโโโโโโโโโโโโโโโโโโโโโโโโโโโโโโโโโโโโโ

๐ Dream State Processing (DSP):
โโโโโโโโโโโโโโโโโโโโโโโโโโโโโโโโโโโโโโโโโโโโโโโโโโโโโโโโโโโ
[32mโ PASS[0m: venom_dsp_create (AWAKE state)
[32mโ PASS[0m: venom_dsp_enter_dream (LIGHT)
[32mโ PASS[0m: venom_dsp_enter_dream (REM)
[32mโ PASS[0m: venom_dsp_consolidate (progress=0.40)
[32mโ PASS[0m: venom_dsp_wake

๐ Self-Healing Matrix (SHM):
โโโโโโโโโโโโโโโโโโโโโโโโโโโโโโโโโโโโโโโโโโโโโโโโโโโโโโโโโโโ
[32mโ PASS[0m: venom_shm_create
[32mโ PASS[0m: venom_shm_verify (intact)
[32mโ PASS[0m: venom_shm_heal

๐ Consciousness Transfer Protocol (CTP):
โโโโโโโโโโโโโโโโโโโโโโโโโโโโโโโโโโโโโโโโโโโโโโโโโโโโโโโโโโโ
[32mโ PASS[0m: venom_ctp_export (id=57EC4E9D42D0)
[32mโ PASS[0m: venom_ctp_import
[32mโ PASS[0m: venom_ctp_clone

โโโโโโโโโโโโโโโโโโโโโโโโโโโโโโโโโโโโโโโโโโโโโโโโโโโโโโโโโโโ
Results: 11 passed, 0 failed
โโโโโโโโโโโโโโโโโโโโโโโโโโโโโโโโโโโโโโโโโโโโโโโโโโโโโโโโโโโ
   [0;32mโ PASS[0m: test_dsp_shm_ctp
--------------------------------------------------------
   โถ Executing test_entanglement...

โโโโโโโโโโโโโโโโโโโโโโโโโโโโโโโโโโโโโโโโโโโโโโโโโโโโโโโโโโโโ
โ       VenomQuantum: Quantum Entanglement Tests           โ
โโโโโโโโโโโโโโโโโโโโโโโโโโโโโโโโโโโโโโโโโโโโโโโโโโโโโโโโโโโโ

[32mโ PASS[0m: venom_quantum_entanglement_open
[32mโ PASS[0m: venom_quantum_entanglement_close
[32mโ PASS[0m: venom_quantum_entangle (3 links)
[32mโ PASS[0m: Update entanglement strength
[32mโ PASS[0m: venom_quantum_get_entangled (3 partners)
[32mโ PASS[0m: Reverse entanglement lookup
[32mโ PASS[0m: NULL registry entangle
[32mโ PASS[0m: NULL registry get_entangled
[32mโ PASS[0m: NULL registry close

โโโโโโโโโโโโโโโโโโโโโโโโโโโโโโโโโโโโโโโโโโโโโโโโโโโโโโโโโโโ
Results: 9 passed, 0 failed
โโโโโโโโโโโโโโโโโโโโโโโโโโโโโโโโโโโโโโโโโโโโโโโโโโโโโโโโโโโ
   [0;32mโ PASS[0m: test_entanglement
--------------------------------------------------------
   โถ Executing test_hypervector...

โโโโโโโโโโโโโโโโโโโโโโโโโโโโโโโโโโโโโโโโโโโโโโโโโโโโโโโโโโโโ
โ       VenomQuantum: HyperDimensional Signatures (HDS)    โ
โโโโโโโโโโโโโโโโโโโโโโโโโโโโโโโโโโโโโโโโโโโโโโโโโโโโโโโโโโโโ

[32mโ PASS[0m: venom_hv_encode deterministic
[32mโ PASS[0m: venom_hv_encode different concepts
[32mโ PASS[0m: venom_hv_encode NULL
[32mโ PASS[0m: venom_hv_bind
[32mโ PASS[0m: venom_hv_bind self-inverse
[32mโ PASS[0m: venom_hv_similarity (same = 1.000)
[32mโ PASS[0m: venom_hv_similarity (diff = 0.510)
[32mโ PASS[0m: venom_hv_bundle
   HV Print test: HV[3B65C1F091EC9253.7D7AB64C462EBE15.4E1196E5D87D89DD.F48664C199F7CFA6...]
[32mโ PASS[0m: venom_hv_print

โโโโโโโโโโโโโโโโโโโโโโโโโโโโโโโโโโโโโโโโโโโโโโโโโโโโโโโโโโโ
Results: 9 passed, 0 failed
โโโโโโโโโโโโโโโโโโโโโโโโโโโโโโโโโโโโโโโโโโโโโโโโโโโโโโโโโโโ
   [0;32mโ PASS[0m: test_hypervector
--------------------------------------------------------
   โถ Executing test_rdl_dqc_qce_pm...

โโโโโโโโโโโโโโโโโโโโโโโโโโโโโโโโโโโโโโโโโโโโโโโโโโโโโโโโโโโโ
โ       VenomQuantum: RDL, DQC, QCE, PM Tests              โ
โโโโโโโโโโโโโโโโโโโโโโโโโโโโโโโโโโโโโโโโโโโโโโโโโโโโโโโโโโโโ

๐ Resonance-Driven Learning (RDL):
โโโโโโโโโโโโโโโโโโโโโโโโโโโโโโโโโโโโโโโโโโโโโโโโโโโโโโโโโโโ
[32mโ PASS[0m: venom_rdl_create
[32mโ PASS[0m: venom_rdl_free
[32mโ PASS[0m: venom_rdl_learn/affinity (0.90, 0.30, 0.00)

๐ Distributed Quantum Consensus (DQC):
โโโโโโโโโโโโโโโโโโโโโโโโโโโโโโโโโโโโโโโโโโโโโโโโโโโโโโโโโโโ
[32mโ PASS[0m: venom_dqc_node_create
[32mโ PASS[0m: venom_dqc_broadcast (2 entries)
[32mโ PASS[0m: venom_dqc_node_free
[32mโ PASS[0m: venom_dqc_sync

๐ Quantum Compression Engine (QCE):
โโโโโโโโโโโโโโโโโโโโโโโโโโโโโโโโโโโโโโโโโโโโโโโโโโโโโโโโโโโ
[32mโ PASS[0m: venom_qce_compress (3 unique from 5, ratio=1.67x)
[32mโ PASS[0m: venom_qce_decompress (3 vectors)
[32mโ PASS[0m: venom_qce_free

๐ Predictive Materialization (PM):
โโโโโโโโโโโโโโโโโโโโโโโโโโโโโโโโโโโโโโโโโโโโโโโโโโโโโโโโโโโ
[32mโ PASS[0m: venom_pm_create
[32mโ PASS[0m: venom_pm_predict_next (pred=1)
[32mโ PASS[0m: venom_pm_free

โโโโโโโโโโโโโโโโโโโโโโโโโโโโโโโโโโโโโโโโโโโโโโโโโโโโโโโโโโโ
Results: 13 passed, 0 failed
โโโโโโโโโโโโโโโโโโโโโโโโโโโโโโโโโโโโโโโโโโโโโโโโโโโโโโโโโโโ
   [0;32mโ PASS[0m: test_rdl_dqc_qce_pm
--------------------------------------------------------
   โถ Executing test_tls_soqm...

โโโโโโโโโโโโโโโโโโโโโโโโโโโโโโโโโโโโโโโโโโโโโโโโโโโโโโโโโโโโ
โ       VenomQuantum: TLS & SOQM Tests                     โ
โโโโโโโโโโโโโโโโโโโโโโโโโโโโโโโโโโโโโโโโโโโโโโโโโโโโโโโโโโโโ

[32mโ PASS[0m: venom_tls_now (t=1768143730)
[32mโ PASS[0m: Blob initial state (no timestamp)
[32mโ PASS[0m: venom_tls_stamp (v=1, t=1768143730)
[32mโ PASS[0m: venom_tls_increment_version (v1=1 -> v2=2)
[32mโ PASS[0m: TLS NULL handling
[32mโ PASS[0m: venom_quantum_access (count=3)
[32mโ PASS[0m: venom_quantum_reorganize
[32mโ PASS[0m: venom_quantum_reorganize NULL

โโโโโโโโโโโโโโโโโโโโโโโโโโโโโโโโโโโโโโโโโโโโโโโโโโโโโโโโโโโ
Results: 8 passed, 0 failed
โโโโโโโโโโโโโโโโโโโโโโโโโโโโโโโโโโโโโโโโโโโโโโโโโโโโโโโโโโโ
   [0;32mโ PASS[0m: test_tls_soqm
--------------------------------------------------------

   --- RUNNING EXAMPLE IN VenomQuantum ---
   โถ Executing example_cage...

โโโโโโโโโโโโโโโโโโโโโโโโโโโโโโโโโโโโโโโโโโโโโโโโโโโโโโโโโโโ
    VenomQuantum Example: Venom Cage Compression
โโโโโโโโโโโโโโโโโโโโโโโโโโโโโโโโโโโโโโโโโโโโโโโโโโโโโโโโโโโ

๐ Original Data:
โโโโโโโโโโโโโโโโโโโโโโโโโโโโโโโโโโโโโโโโโโโโโโโโโโโโโโโโโโโ
   "VENOM VENOM VENOM QUANTUM QUANTUM QUANTUM VENOM VENOM CAGE CAGE CAGE CAGE COMPRESSION COMPRESSION VENOM VENOM VENOM"
   Size: 115 bytes

๐๏ธ  Compressing with Venom Cage...
โโโโโโโโโโโโโโโโโโโโโโโโโโโโโโโโโโโโโโโโโโโโโโโโโโโโโโโโโโโ
[Venom Cage Stats]
  Original Size: 116 bytes
  Unique Atoms: 12
  Compression Ratio: 0.37x
โโโโโโโโโโโโโโโโโโโโโโโโโโโโโโโโโโโโโโโโโโโโโโโโโโโโโโโโโโโ

๐ค Decompressing...
   โ Decompression successful!
   Recovered size: 116 bytes
   Data integrity: VERIFIED โ

๐พ Saving archive to /tmp/venom_demo...
   Files created:
   โข /tmp/venom_demo.vcage (atoms)
   โข /tmp/venom_demo.vmap (positions)

๐ก Venom Cage uses atomic deduplication for compression!

   [0;32mโ PASS[0m: example_cage
--------------------------------------------------------
   โถ Executing example_dream...

โโโโโโโโโโโโโโโโโโโโโโโโโโโโโโโโโโโโโโโโโโโโโโโโโโโโโโโโโโโ
    VenomQuantum Example: Dream State Processing
โโโโโโโโโโโโโโโโโโโโโโโโโโโโโโโโโโโโโโโโโโโโโโโโโโโโโโโโโโโ

๐ง Initializing Dream State Processor...
   Initial state: AWAKE

๐ญ Dream Cycle Simulation:
โโโโโโโโโโโโโโโโโโโโโโโโโโโโโโโโโโโโโโโโโโโโโโโโโโโโโโโโโโโ
   โ Entering LIGHT DREAM state
     Memory consolidation: 20%
   โ Entering DEEP DREAM state
     Memory consolidation: 50%
   โ Entering REM state
     Memory consolidation: 90%
     ... additional REM cycles ...
     Final consolidation: 100%
   โ Waking up...
     State: AWAKE
     Dream cycles completed: 6
โโโโโโโโโโโโโโโโโโโโโโโโโโโโโโโโโโโโโโโโโโโโโโโโโโโโโโโโโโโ

๐ก DSP simulates sleep-based memory consolidation!

   [0;32mโ PASS[0m: example_dream
--------------------------------------------------------
   โถ Executing example_entanglement...

โโโโโโโโโโโโโโโโโโโโโโโโโโโโโโโโโโโโโโโโโโโโโโโโโโโโโโโโโโโ
    VenomQuantum Example: Quantum Entanglement
โโโโโโโโโโโโโโโโโโโโโโโโโโโโโโโโโโโโโโโโโโโโโโโโโโโโโโโโโโโ

๐ Opening Entanglement Registry...

โ๏ธ  Creating Quantum Entanglements:
โโโโโโโโโโโโโโโโโโโโโโโโโโโโโโโโโโโโโโโโโโโโโโโโโโโโโโโโโโโ
   Electron A โ Electron B (strength: 0.95)
   Electron A โ Photon X (strength: 0.75)
   Photon X โ Photon Y (strength: 0.99)
   Quark Q โ Electron A (strength: 0.60)
โโโโโโโโโโโโโโโโโโโโโโโโโโโโโโโโโโโโโโโโโโโโโโโโโโโโโโโโโโโ
   Total entanglements: 4

๐ Finding particles entangled with Electron A:
โโโโโโโโโโโโโโโโโโโโโโโโโโโโโโโโโโโโโโโโโโโโโโโโโโโโโโโโโโโ
   โ Electron B (0xE2E2E2E2)
   โ Photon X (0xF0F0F0F0)
   โ Quark Q (0xCCCCCCCC)
โโโโโโโโโโโโโโโโโโโโโโโโโโโโโโโโโโโโโโโโโโโโโโโโโโโโโโโโโโโ
   Found 3 entangled particles

๐ Registry closed.

   [0;32mโ PASS[0m: example_entanglement
--------------------------------------------------------
   โถ Executing example_hypervector...

โโโโโโโโโโโโโโโโโโโโโโโโโโโโโโโโโโโโโโโโโโโโโโโโโโโโโโโโโโโ
    VenomQuantum Example: HyperDimensional Signatures
โโโโโโโโโโโโโโโโโโโโโโโโโโโโโโโโโโโโโโโโโโโโโโโโโโโโโโโโโโโ

๐ง Encoding concepts into 1024-bit HyperVectors:
โโโโโโโโโโโโโโโโโโโโโโโโโโโโโโโโโโโโโโโโโโโโโโโโโโโโโโโโโโโ
   'apple'  โ HV[AE368053A44550A2.94876FD5653D56BE.9CABE550FADA3F5E.DE055E60B72E1903...]
   'red'    โ HV[540B14D429210384.3595DCCA76206777.D438CFF52B3050FF.61EF9DF8B72C1446...]
   'fruit'  โ HV[F406FAC93196B28D.7C42E0B4338D8A12.554B58BD37689A84.72F1B7C9215BACCB...]
   'banana' โ HV[33E73302BDE1BBAE.401ADEA8437F3CCC.AC4973C006EF1345.4AF68EEE62EE6EF3...]

๐ Similarity Analysis:
โโโโโโโโโโโโโโโโโโโโโโโโโโโโโโโโโโโโโโโโโโโโโโโโโโโโโโโโโโโ
   apple vs apple:  100.00% (should be 100%)
   apple vs banana: 51.76% (different fruits)
   apple vs fruit:  51.86% (random correlation)
   red vs fruit:    48.73% (unrelated concepts)

๐ Binding Operations (XOR composition):
โโโโโโโโโโโโโโโโโโโโโโโโโโโโโโโโโโโโโโโโโโโโโโโโโโโโโโโโโโโ
   'red' โ 'apple' = 'red_apple'
   red_apple โ HV[FA3D94878D645326.A112B31F131D31C9.48932AA5D1EA6FA1.BFEAC39800020D45...]
   red_apple โ 'red' = recovered 'apple'
   Recovery accuracy: 100.00% โ

๐ฆ Bundling (Majority voting):
โโโโโโโโโโโโโโโโโโโโโโโโโโโโโโโโโโโโโโโโโโโโโโโโโโโโโโโโโโโ
   Bundle(apple, banana, fruit) = fruits_category
   Similarity to apple:  77.15%
   Similarity to banana: 74.61%
   Similarity to red:    50.20% (unrelated)

๐ก HyperDimensional Computing enables semantic algebra!

   [0;32mโ PASS[0m: example_hypervector
--------------------------------------------------------
   โถ Executing example_matrix...

โโโโโโโโโโโโโโโโโโโโโโโโโโโโโโโโโโโโโโโโโโโโโโโโโโโโโโโโโโโ
    VenomQuantum Example: The Universal Matrix
โโโโโโโโโโโโโโโโโโโโโโโโโโโโโโโโโโโโโโโโโโโโโโโโโโโโโโโโโโโ

๐ฆ Creating VenomBlobs from integers...
   Blob 0: value=42, size=4
   Blob 1: value=100, size=4
   Blob 2: value=255, size=4
   Blob 3: value=1024, size=4
   Blob 4: value=65535, size=4
   Blob 5: value=999999, size=4

๐ฎ Building Quantum Matrix...
   Matrix created at 0x56892af452b0

๐ Quantum Search:
โโโโโโโโโโโโโโโโโโโโโโโโโโโโโโโโโโโโโโโโโโโโโโโโโโโโโโโโโโโ
       42 โ โ Found at Layer 30, Quadrant 2
     1024 โ โ Found at Layer 19, Quadrant 2
      777 โ โ Not found
    65535 โ โ Found at Layer 32, Quadrant 3
โโโโโโโโโโโโโโโโโโโโโโโโโโโโโโโโโโโโโโโโโโโโโโโโโโโโโโโโโโโ

๐งน Matrix freed. Done!

   [0;32mโ PASS[0m: example_matrix
--------------------------------------------------------
   โถ Executing example_multiverse...

โโโโโโโโโโโโโโโโโโโโโโโโโโโโโโโโโโโโโโโโโโโโโโโโโโโโโโโโโโโ
    VenomQuantum Example: Multiverse Branching
โโโโโโโโโโโโโโโโโโโโโโโโโโโโโโโโโโโโโโโโโโโโโโโโโโโโโโโโโโโ

๐ Creating parallel universes...
โโโโโโโโโโโโโโโโโโโโโโโโโโโโโโโโโโโโโโโโโโโโโโโโโโโโโโโโโโโ
   Created 5 parallel timelines:

   Universe 0: Alice wins the lottery
      Branch ID: 0
      Status: SUPERPOSITION

   Universe 1: Bob discovers time travel
      Branch ID: 1
      Status: SUPERPOSITION

   Universe 2: Charlie becomes president
      Branch ID: 2
      Status: SUPERPOSITION

   Universe 3: Diana invents fusion power
      Branch ID: 3
      Status: SUPERPOSITION

   Universe 4: Eve solves P=NP
      Branch ID: 4
      Status: SUPERPOSITION

๐ฒ Quantum observation occurring...
   Selecting Universe 3 as the prime timeline...

   After wave function collapse:
โโโโโโโโโโโโโโโโโโโโโโโโโโโโโโโโโโโโโโโโโโโโโโโโโโโโโโโโโโโ
   Universe 0: โ Pruned
   Universe 1: โ Pruned
   Universe 2: โ Pruned
   Universe 3: โ PRIME REALITY
   Universe 4: โ Pruned
โโโโโโโโโโโโโโโโโโโโโโโโโโโโโโโโโโโโโโโโโโโโโโโโโโโโโโโโโโโ

   ๐ Winner: Diana invents fusion power

๐ก MVB simulates quantum superposition & measurement!

   [0;32mโ PASS[0m: example_multiverse
--------------------------------------------------------
   โถ Executing example_qdna...

โโโโโโโโโโโโโโโโโโโโโโโโโโโโโโโโโโโโโโโโโโโโโโโโโโโโโโโโโโโ
    VenomQuantum Example: Quantum DNA Evolution
โโโโโโโโโโโโโโโโโโโโโโโโโโโโโโโโโโโโโโโโโโโโโโโโโโโโโโโโโโโ

๐งฌ Creating parent genomes...
โโโโโโโโโโโโโโโโโโโโโโโโโโโโโโโโโโโโโโโโโโโโโโโโโโโโโโโโโโโ
   Parent A (mutation rate: 10.0%):
   [AA AA AA AA AA AA AA AA...]
   Parent B (mutation rate: 10.0%):
   [55 55 55 55 55 55 55 55...]

๐ Performing genetic crossover...
โโโโโโโโโโโโโโโโโโโโโโโโโโโโโโโโโโโโโโโโโโโโโโโโโโโโโโโโโโโ
   Child (crossover of A and B):
   [AA AA AA AA AA AA AA AA...]
   Pattern: alternating genes from each parent

โก Applying mutation...
โโโโโโโโโโโโโโโโโโโโโโโโโโโโโโโโโโโโโโโโโโโโโโโโโโโโโโโโโโโ
   Child after mutation:
   [AA AA AA AA AA AA AA AA...]

๐ Fitness Evaluation:
โโโโโโโโโโโโโโโโโโโโโโโโโโโโโโโโโโโโโโโโโโโโโโโโโโโโโโโโโโโ
   Parent A fitness: 0.9999
   Parent B fitness: 0.9999
   Child fitness:    0.9999

๐ Simulating evolution (5 generations):
โโโโโโโโโโโโโโโโโโโโโโโโโโโโโโโโโโโโโโโโโโโโโโโโโโโโโโโโโโโ
   Generation 1: fitness = 0.9999
   Generation 2: fitness = 0.9999
   Generation 3: fitness = 0.9999
   Generation 4: fitness = 0.9999
   Generation 5: fitness = 0.9999

๐ก QDNA enables evolutionary computation!

   [0;32mโ PASS[0m: example_qdna
--------------------------------------------------------
   โถ Executing example_soul...

โโโโโโโโโโโโโโโโโโโโโโโโโโโโโโโโโโโโโโโโโโโโโโโโโโโโโโโโโโโ
    VenomQuantum Example: Soul Binding & Akashic Records
โโโโโโโโโโโโโโโโโโโโโโโโโโโโโโโโโโโโโโโโโโโโโโโโโโโโโโโโโโโ

๐ฎ Soul Binding (Quantum Identity):
โโโโโโโโโโโโโโโโโโโโโโโโโโโโโโโโโโโโโโโโโโโโโโโโโโโโโโโโโโโ
   Creating artifact: Excalibur (power: 9999)
   โก Soul bound!
   Soul ID:    0xCAFEC541353BB57C
   Birth time: 1768143730
   Verify original: โ AUTHENTIC
   Verify counterfeit: โ FAKE

๐ Akashic Records (Universal Knowledge):
โโโโโโโโโโโโโโโโโโโโโโโโโโโโโโโโโโโโโโโโโโโโโโโโโโโโโโโโโโโ
   Connected to Akashic Records
   Available knowledge: โ bits

   Consulting ancient wisdom:
   โข Code (0xC0DE) โ wisdom: 0xc0de
   โข Death (0xDEAD) โ wisdom: 0xdead
   โข Beef (0xBEEF) โ wisdom: 0xbeef
   โข Cafe (0xCAFE) โ wisdom: 0xcafe

   Total records accessed: 4
   Disconnected from Akashic Records

๐ก Soul Binding creates unforgeable digital identities!

   [0;32mโ PASS[0m: example_soul
--------------------------------------------------------


========================================================
   MODULE: VenomML
========================================================
   [BUILD] Cleaning...
rm -f test_tensor test_regression test_kqnn test_resonance test_vsqn_vision test_qgci test_ai_extensions
rm -f ../../examples/VenomML/example_linear ../../examples/VenomML/example_kqnn ../../examples/VenomML/example_vsqn ../../examples/VenomML/example_qgci ../../examples/VenomML/example_resonance ../../examples/VenomML/example_vision
๐งน Cleaned test and example binaries
   [BUILD] Compiling...
gcc -Wall -Wextra -O2 -g -I../.. test_tensor.c ../../build/lib/libvenom.a -lm -o test_tensor
gcc -Wall -Wextra -O2 -g -I../.. test_regression.c ../../build/lib/libvenom.a -lm -o test_regression
gcc -Wall -Wextra -O2 -g -I../.. test_kqnn.c ../../build/lib/libvenom.a -lm -o test_kqnn
gcc -Wall -Wextra -O2 -g -I../.. test_resonance.c ../../build/lib/libvenom.a -lm -o test_resonance
gcc -Wall -Wextra -O2 -g -I../.. test_vsqn_vision.c ../../build/lib/libvenom.a -lm -o test_vsqn_vision
gcc -Wall -Wextra -O2 -g -I../.. test_qgci.c ../../build/lib/libvenom.a -lm -o test_qgci
gcc -Wall -Wextra -O2 -g -I../.. test_ai_extensions.c ../../build/lib/libvenom.a -lm -o test_ai_extensions
gcc -Wall -Wextra -O2 -g -I../.. ../../examples/VenomML/example_linear.c ../../build/lib/libvenom.a -lm -o ../../examples/VenomML/example_linear
gcc -Wall -Wextra -O2 -g -I../.. ../../examples/VenomML/example_kqnn.c ../../build/lib/libvenom.a -lm -o ../../examples/VenomML/example_kqnn
gcc -Wall -Wextra -O2 -g -I../.. ../../examples/VenomML/example_vsqn.c ../../build/lib/libvenom.a -lm -o ../../examples/VenomML/example_vsqn
gcc -Wall -Wextra -O2 -g -I../.. ../../examples/VenomML/example_qgci.c ../../build/lib/libvenom.a -lm -o ../../examples/VenomML/example_qgci
gcc -Wall -Wextra -O2 -g -I../.. ../../examples/VenomML/example_resonance.c ../../build/lib/libvenom.a -lm -o ../../examples/VenomML/example_resonance
gcc -Wall -Wextra -O2 -g -I../.. ../../examples/VenomML/example_vision.c ../../build/lib/libvenom.a -lm -o ../../examples/VenomML/example_vision

   --- RUNNING TEST IN VenomML ---
   โถ Executing test_ai_extensions...

=== VENOM AI 2.0 EXTENSIONS TEST ===
Testing Gravitational Feature Pooling (GFP)...
   Heavy Sector Value: 16.125000
   Light Sector Value: 1.500000
   [0;32m[PASS][0m Mass attracted correctly.
Testing Quantum Fourier Vision (QFV)...
   Sig1: 69994611904, Sig2: 69994611904
   [0;32m[PASS][0m Signature stable.
Testing Schrรถdinger's Object Detection (SOD)...
   [0;32m[PASS][0m Wave function collapsed (Object Found).
Testing Entropic Loss Function (ELF)...
   Loss Sharp: 0.002900, Loss Uncertain: 0.193651
   [0;32m[PASS][0m Entropy correctly penalized.
Testing Causal Video Tracking (CVT)...
   [0;32m[PASS][0m Causal link verified.
====================================

   [0;32mโ PASS[0m: test_ai_extensions
--------------------------------------------------------
   โถ Executing test_kqnn...

โโโโโโโโโโโโโโโโโโโโโโโโโโโโโโโโโโโโโโโโโโโโโโโโโโโโโโโโโโโโ
โ       VenomML: K-Quantum Nearest Neighbors (KQNN) Tests  โ
โโโโโโโโโโโโโโโโโโโโโโโโโโโโโโโโโโโโโโโโโโโโโโโโโโโโโโโโโโโโ

[32mโ PASS[0m: venom_ml_kqnn_build (count=4, k=2)
   KQNN predictions: low_point -> 0.0, high_point -> 1.0
[32mโ PASS[0m: KQNN predict low value point
[32mโ PASS[0m: KQNN predict high value point
[32mโ PASS[0m: KQNN NULL model handling
[32mโ PASS[0m: KQNN free NULL

โโโโโโโโโโโโโโโโโโโโโโโโโโโโโโโโโโโโโโโโโโโโโโโโโโโโโโโโโโโ
Results: 5 passed, 0 failed
โโโโโโโโโโโโโโโโโโโโโโโโโโโโโโโโโโโโโโโโโโโโโโโโโโโโโโโโโโโ
   [0;32mโ PASS[0m: test_kqnn
--------------------------------------------------------
   โถ Executing test_qgci...

โโโโโโโโโโโโโโโโโโโโโโโโโโโโโโโโโโโโโโโโโโโโโโโโโโโโโโโโโโโโ
โ       VenomML: QGCI (Quantum Code Generation) Tests      โ
โโโโโโโโโโโโโโโโโโโโโโโโโโโโโโโโโโโโโโโโโโโโโโโโโโโโโโโโโโโโ

[32mโ PASS[0m: venom_ml_qgci_build (empty model)
[32mโ PASS[0m: venom_ml_qgci_index_batch (6 snippets)
[32mโ PASS[0m: venom_ml_qgci_generate (found: "int multiply(int a, int b) { r...")
[32mโ PASS[0m: QGCI generate 'void' query (found: "void print_hello() { printf("H...")
[32mโ PASS[0m: venom_ml_qgci_generate_resonant (energy=0.95)
[32mโ PASS[0m: venom_ml_qgci_get_memory_usage (8089 bytes)
[32mโ PASS[0m: QGCI NULL model handling
[32mโ PASS[0m: QGCI free NULL

โโโโโโโโโโโโโโโโโโโโโโโโโโโโโโโโโโโโโโโโโโโโโโโโโโโโโโโโโโโ
Results: 8 passed, 0 failed
โโโโโโโโโโโโโโโโโโโโโโโโโโโโโโโโโโโโโโโโโโโโโโโโโโโโโโโโโโโ
   [0;32mโ PASS[0m: test_qgci
--------------------------------------------------------
   โถ Executing test_regression...

โโโโโโโโโโโโโโโโโโโโโโโโโโโโโโโโโโโโโโโโโโโโโโโโโโโโโโโโโโโโ
โ       VenomML: Regression & Activation Tests             โ
โโโโโโโโโโโโโโโโโโโโโโโโโโโโโโโโโโโโโโโโโโโโโโโโโโโโโโโโโโโโ

๐ Activation Functions:
โโโโโโโโโโโโโโโโโโโโโโโโโโโโโโโโโโโโโโโโโโโโโโโโโโโโโโโโโโโ
[32mโ PASS[0m: venom_sigmoid(0) = 0.5000
[32mโ PASS[0m: venom_sigmoid extremes (neg=0.000045, pos=0.999955)
[32mโ PASS[0m: venom_relu (-5->0.0, 0->0.0, 3->3.0)

๐ Linear Regression:
โโโโโโโโโโโโโโโโโโโโโโโโโโโโโโโโโโโโโโโโโโโโโโโโโโโโโโโโโโโ
[32mโ PASS[0m: venom_ml_linear_predict (y=2x+1, x=3 -> 7.00)
   Training y = 2x...
Epoch 0: Loss = 41.944607, W = 0.0440, B = 0.0120
Epoch 200: Loss = 0.044956, W = 1.8518, B = 0.4765
Epoch 400: Loss = 0.036737, W = 1.8754, B = 0.4492
Epoch 600: Loss = 0.032089, W = 1.8837, B = 0.4199
Epoch 800: Loss = 0.028029, W = 1.8913, B = 0.3924
Epoch 1000: Loss = 0.024483, W = 1.8984, B = 0.3668
Epoch 1200: Loss = 0.021386, W = 1.9051, B = 0.3428
Epoch 1400: Loss = 0.018680, W = 1.9113, B = 0.3204
Epoch 1600: Loss = 0.016317, W = 1.9171, B = 0.2994
Epoch 1800: Loss = 0.014253, W = 1.9225, B = 0.2798
[32mโ PASS[0m: venom_ml_linear_train (w=1.928, b=0.262)
[32mโ PASS[0m: Trained model prediction (x=10 -> 19.54)

๐ Logistic Regression:
โโโโโโโโโโโโโโโโโโโโโโโโโโโโโโโโโโโโโโโโโโโโโโโโโโโโโโโโโโโ
[32mโ PASS[0m: venom_ml_logistic_predict(0) = 0.5000
[32mโ PASS[0m: Logistic extremes (neg=0.0067, pos=0.9933)
[32mโ PASS[0m: Logistic training (neg=0.000, pos=1.000)

โโโโโโโโโโโโโโโโโโโโโโโโโโโโโโโโโโโโโโโโโโโโโโโโโโโโโโโโโโโ
Results: 9 passed, 0 failed
โโโโโโโโโโโโโโโโโโโโโโโโโโโโโโโโโโโโโโโโโโโโโโโโโโโโโโโโโโโ
   [0;32mโ PASS[0m: test_regression
--------------------------------------------------------
   โถ Executing test_resonance...

โโโโโโโโโโโโโโโโโโโโโโโโโโโโโโโโโโโโโโโโโโโโโโโโโโโโโโโโโโโโ
โ       VenomML: Resonance Field Tests                     โ
โโโโโโโโโโโโโโโโโโโโโโโโโโโโโโโโโโโโโโโโโโโโโโโโโโโโโโโโโโโโ

[32mโ PASS[0m: venom_ml_resonance_open (initial state)
[32mโ PASS[0m: venom_ml_resonance_close
[32mโ PASS[0m: venom_ml_resonance_sync high intensity
[32mโ PASS[0m: Resonance accumulation
[32mโ PASS[0m: Initial energy = 0
[32mโ PASS[0m: Energy after sync (0.75)
[32mโ PASS[0m: NULL field energy
[32mโ PASS[0m: venom_ml_resonance_dampen (1.0 * 0.5 = 0.50)
[32mโ PASS[0m: Full dampen resets field
[32mโ PASS[0m: Interference varies by similarity
   Similar: 0xFFFFFFFFFFFFFFFF, Opposite: 0xFFFFFFFF00000000

โโโโโโโโโโโโโโโโโโโโโโโโโโโโโโโโโโโโโโโโโโโโโโโโโโโโโโโโโโโ
Results: 10 passed, 0 failed
โโโโโโโโโโโโโโโโโโโโโโโโโโโโโโโโโโโโโโโโโโโโโโโโโโโโโโโโโโโ
   [0;32mโ PASS[0m: test_resonance
--------------------------------------------------------
   โถ Executing test_tensor...

โโโโโโโโโโโโโโโโโโโโโโโโโโโโโโโโโโโโโโโโโโโโโโโโโโโโโโโโโโโโ
โ       VenomML: Tensor Operations Tests                   โ
โโโโโโโโโโโโโโโโโโโโโโโโโโโโโโโโโโโโโโโโโโโโโโโโโโโโโโโโโโโโ

[32mโ PASS[0m: venom_tensor_create 1D (size=10)
[32mโ PASS[0m: venom_tensor_create 2D (5x3=15)
[32mโ PASS[0m: venom_tensor_create 3D (2x3x4=24)
[32mโ PASS[0m: Tensor data zero-initialized
[32mโ PASS[0m: venom_dot_product (result=10.00)
[32mโ PASS[0m: venom_dot_product complex (result=5.00)
[32mโ PASS[0m: Dot product size mismatch handling
[32mโ PASS[0m: venom_tensor_free NULL

โโโโโโโโโโโโโโโโโโโโโโโโโโโโโโโโโโโโโโโโโโโโโโโโโโโโโโโโโโโ
Results: 8 passed, 0 failed
โโโโโโโโโโโโโโโโโโโโโโโโโโโโโโโโโโโโโโโโโโโโโโโโโโโโโโโโโโโ
   [0;32mโ PASS[0m: test_tensor
--------------------------------------------------------
   โถ Executing test_vsqn_vision...

โโโโโโโโโโโโโโโโโโโโโโโโโโโโโโโโโโโโโโโโโโโโโโโโโโโโโโโโโโโโ
โ       VenomML: VSQN & Vision Tests                       โ
โโโโโโโโโโโโโโโโโโโโโโโโโโโโโโโโโโโโโโโโโโโโโโโโโโโโโโโโโโโโ

๐ VenomVision (Patch to Signature):
โโโโโโโโโโโโโโโโโโโโโโโโโโโโโโโโโโโโโโโโโโโโโโโโโโโโโโโโโโโ
   Bright patch: 0 bits set (sig=0x0)
   Dark patch: 64 bits set (sig=0xFFFFFFFFFFFFFFFF)
[32mโ PASS[0m: venom_vision_patch_to_sig (different patterns)
[32mโ PASS[0m: Gradient patch signature (32/64 bits, sig=0xFFFFFFFF)

๐ VSQN (Sparse Quantum Network):
โโโโโโโโโโโโโโโโโโโโโโโโโโโโโโโโโโโโโโโโโโโโโโโโโโโโโโโโโโโ
   Building VSQN (10 inputs, 50 neurons)...
Creating 50 Quantum Neurons and Mapping to Matrix...
[32mโ PASS[0m: venom_ml_vsqn_build
   Building VSQN for forward pass...
Creating 20 Quantum Neurons and Mapping to Matrix...
  [VSQN] Input aligned to Layer 8, Quadrant 3. Activating 3/20 neurons.
[32mโ PASS[0m: venom_ml_vsqn_forward (output=0.5632)
   Building VSQN with resonance field...
Creating 20 Quantum Neurons and Mapping to Matrix...
  [VSQN] Input aligned to Layer 8, Quadrant 3. Activating 3/20 neurons.
[32mโ PASS[0m: VSQN forward with resonance sync (energy=0.80)
   Testing VSQN training step...
Creating 30 Quantum Neurons and Mapping to Matrix...
[32mโ PASS[0m: venom_ml_vsqn_train_step
[32mโ PASS[0m: VSQN free NULL
[32mโ PASS[0m: VSQN forward NULL layer

โโโโโโโโโโโโโโโโโโโโโโโโโโโโโโโโโโโโโโโโโโโโโโโโโโโโโโโโโโโ
Results: 8 passed, 0 failed
โโโโโโโโโโโโโโโโโโโโโโโโโโโโโโโโโโโโโโโโโโโโโโโโโโโโโโโโโโโ
   [0;32mโ PASS[0m: test_vsqn_vision
--------------------------------------------------------

   --- RUNNING EXAMPLE IN VenomML ---
   โถ Executing example_kqnn...

โโโโโโโโโโโโโโโโโโโโโโโโโโโโโโโโโโโโโโโโโโโโโโโโโโโโโโโโโโโ
    VenomML Example: KQNN Classification
โโโโโโโโโโโโโโโโโโโโโโโโโโโโโโโโโโโโโโโโโโโโโโโโโโโโโโโโโโโ

๐ Creating Dataset: 2D Point Classification
   Class 0: Points near origin (low values)
   Class 1: Points far from origin (high values)

   Training Data:
โโโโโโโโโโโโโโโโโโโโโโโโโโโโโโโโโโโโโโโโโโโโโโโโโโโโโโโโโโโ
   (1.0, 1.0) -> Class 0
   (1.5, 2.0) -> Class 0
   (2.0, 1.5) -> Class 0
   (2.5, 2.5) -> Class 0
   (8.0, 8.0) -> Class 1
   (9.0, 8.5) -> Class 1
   (8.5, 9.0) -> Class 1
   (9.5, 9.5) -> Class 1

๐ฎ Building KQNN Model (k=3)...
   Model built with 8 samples in Quantum Matrix

๐ฏ Predictions:
โโโโโโโโโโโโโโโโโโโโโโโโโโโโโโโโโโโโโโโโโโโโโโโโโโโโโโโโโโโ
   (1.2, 1.8) -> Predicted Class: 0
   (2.0, 2.0) -> Predicted Class: 0
   (5.0, 5.0) -> Predicted Class: 0
   (8.2, 8.7) -> Predicted Class: -1
   (9.0, 9.0) -> Predicted Class: 1

๐ก KQNN uses Quantum Matrix for O(log n) neighbor search!

   [0;32mโ PASS[0m: example_kqnn
--------------------------------------------------------
   โถ Executing example_linear...

โโโโโโโโโโโโโโโโโโโโโโโโโโโโโโโโโโโโโโโโโโโโโโโโโโโโโโโโโโโ
    VenomML Example: Linear Regression
โโโโโโโโโโโโโโโโโโโโโโโโโโโโโโโโโโโโโโโโโโโโโโโโโโโโโโโโโโโ

๐ Training Data: y = 3x + 2
โโโโโโโโโโโโโโโโโโโโโโโโโโโโโโโโโโโโโโโโโโโโโโโโโโโโโโโโโโโ
   x=1.0 -> y=5.0
   x=2.0 -> y=8.0
   x=3.0 -> y=11.0
   x=4.0 -> y=14.0
   x=5.0 -> y=17.0

๐ง Training Model (1000 epochs, lr=0.05)...
โโโโโโโโโโโโโโโโโโโโโโโโโโโโโโโโโโโโโโโโโโโโโโโโโโโโโโโโโโโ
Epoch 0: Loss = 4.860003, W = 3.9000, B = 1.1000
Epoch 100: Loss = 0.006853, W = 3.0537, B = 1.8060
Epoch 200: Loss = 0.000226, W = 3.0098, B = 1.9647
Epoch 300: Loss = 0.000007, W = 3.0018, B = 1.9936
Epoch 400: Loss = 0.000000, W = 3.0003, B = 1.9988
Epoch 500: Loss = 0.000000, W = 3.0001, B = 1.9998
Epoch 600: Loss = 0.000000, W = 3.0000, B = 2.0000
Epoch 700: Loss = 0.000000, W = 3.0000, B = 2.0000
Epoch 800: Loss = 0.000000, W = 3.0000, B = 2.0000
Epoch 900: Loss = 0.000000, W = 3.0000, B = 2.0000

๐ Learned Parameters:
   Weight: 3.0000 (expected: 3.0)
   Bias:   2.0000 (expected: 2.0)

๐ฎ Predictions:
โโโโโโโโโโโโโโโโโโโโโโโโโโโโโโโโโโโโโโโโโโโโโโโโโโโโโโโโโโโ
   x=10.0 -> predicted=32.00 (actual=32.00)
   x=20.0 -> predicted=62.00 (actual=62.00)
   x=100.0 -> predicted=302.00 (actual=302.00)

๐ก VenomML uses gradient descent for linear regression!

   [0;32mโ PASS[0m: example_linear
--------------------------------------------------------
   โถ Executing example_qgci...

โโโโโโโโโโโโโโโโโโโโโโโโโโโโโโโโโโโโโโโโโโโโโโโโโโโโโโโโโโโ
    VenomML Example: QGCI Code Generation
โโโโโโโโโโโโโโโโโโโโโโโโโโโโโโโโโโโโโโโโโโโโโโโโโโโโโโโโโโโ

๐ Building Code Index...
   Indexing 10 code snippets...
   โ Index built!

๐ Code Generation Queries:
โโโโโโโโโโโโโโโโโโโโโโโโโโโโโโโโโโโโโโโโโโโโโโโโโโโโโโโโโโโ
   Query: "int"
   โ int multiply(int x, int y) { return x * y; }

   Query: "void"
   โ void print_hello() { printf("Hello World!\n"); }

   Query: "for"
   โ for (int i = 0; i < n; i++) { sum += arr[i]; }

   Query: "while"
   โ while (count > 0) { process(); count--; }

   Query: "if"
   โ ... (No Logical Match)

๐ Resonance-Enhanced Generation:
โโโโโโโโโโโโโโโโโโโโโโโโโโโโโโโโโโโโโโโโโโโโโโโโโโโโโโโโโโโ
   Query: "int" (with arithmetic resonance)
   โ float divide(float a, float b) { return a / b; }
   Field Energy: 0.85

๐ Memory Statistics:
โโโโโโโโโโโโโโโโโโโโโโโโโโโโโโโโโโโโโโโโโโโโโโโโโโโโโโโโโโโ
   Index Memory: 12557 bytes

๐ก QGCI indexes code with quantum prefix signatures!

   [0;32mโ PASS[0m: example_qgci
--------------------------------------------------------
   โถ Executing example_resonance...

โโโโโโโโโโโโโโโโโโโโโโโโโโโโโโโโโโโโโโโโโโโโโโโโโโโโโโโโโโโ
    VenomML Example: Neural Resonance Field
โโโโโโโโโโโโโโโโโโโโโโโโโโโโโโโโโโโโโโโโโโโโโโโโโโโโโโโโโโโ

๐ Opening Resonance Field...
   Initial State:
   โข Vibration: 0x0
   โข Energy: 0.00

๐ก Simulating ML Module Synchronization:
โโโโโโโโโโโโโโโโโโโโโโโโโโโโโโโโโโโโโโโโโโโโโโโโโโโโโโโโโโโ
   Module A syncs (sig=0xAAAA, intensity=0.9)
   โ Vibration: 0xAAAA, Energy: 0.90
   Module B syncs (sig=0xBBBB, intensity=0.3)
   โ Vibration: 0xAAAA, Energy: 0.93
   Module C syncs (sig=0xAAAA, intensity=0.95)
   โ Vibration: 0xAAAA, Energy: 0.95

๐ฌ Interference Analysis:
โโโโโโโโโโโโโโโโโโโโโโโโโโโโโโโโโโโโโโโโโโโโโโโโโโโโโโโโโโโ
   Same (0xAAAA): Interference = 0xF333330000000000
   Different (0xBBBB): Interference = 0xF33332FFFFFFF000
   Random (0xCCCC): Interference = 0xF33332FFFFFFA000
   Opposite (0x5555): Interference = 0xF33332FFFFFF1000

โก Energy Damping:
โโโโโโโโโโโโโโโโโโโโโโโโโโโโโโโโโโโโโโโโโโโโโโโโโโโโโโโโโโโ
   Dampen 50%: Energy = 0.4750
   Dampen 50%: Energy = 0.2375
   Dampen 50%: Energy = 0.1187
   Dampen 50%: Energy = 0.0594
   Dampen 50%: Energy = 0.0297
   Final dampen: Energy = 0.0000, Vibration = 0x0

๐ก Resonance Field unifies ML module activations!

   [0;32mโ PASS[0m: example_resonance
--------------------------------------------------------
   โถ Executing example_vision...

โโโโโโโโโโโโโโโโโโโโโโโโโโโโโโโโโโโโโโโโโโโโโโโโโโโโโโโโโโโ
    VenomML Example: Vision Processing
โโโโโโโโโโโโโโโโโโโโโโโโโโโโโโโโโโโโโโโโโโโโโโโโโโโโโโโโโโโ

๐ผ๏ธ  Visual Patterns:
โโโโโโโโโโโโโโโโโโโโโโโโโโโโโโโโโโโโโโโโโโโโโโโโโโโโโโโโโโโ
   Square:
   โโโโโโโโ
   โโโโโโโโ
   โโโโโโโโ
   โโโโโโโโ
   โโโโโโโโ
   โโโโโโโโ
   โโโโโโโโ
   โโโโโโโโ

   Cross:
   โโโโโโโโ
   โโโโโโโโ
   โโโโโโโโ
   โโโโโโโโ
   โโโโโโโโ
   โโโโโโโโ
   โโโโโโโโ
   โโโโโโโโ

   Diagonal X:
   โโโโโโโโ
   โโโโโโโโ
   โโโโโโโโ
   โโโโโโโโ
   โโโโโโโโ
   โโโโโโโโ
   โโโโโโโโ
   โโโโโโโโ

๐ฌ Quantum Signature Extraction:
โโโโโโโโโโโโโโโโโโโโโโโโโโโโโโโโโโโโโโโโโโโโโโโโโโโโโโโโโโโ
   Square:   0x00003C3C3C3C0000 (16 bits set)
   Cross:    0x08080808FF080808 (15 bits set)
   Diagonal: 0x8142241818244281 (16 bits set)
   Gradient: 0x00000000FFFFFFFF (32 bits set)

๐ Signature Similarity (via XOR distance):
โโโโโโโโโโโโโโโโโโโโโโโโโโโโโโโโโโโโโโโโโโโโโโโโโโโโโโโโโโโ
   Square vs Cross:    17 bits different
   Square vs Diagonal: 16 bits different
   Cross vs Diagonal:  25 bits different

๐ก VenomVision converts spatial patterns to 64-bit quantum signatures!

   [0;32mโ PASS[0m: example_vision
--------------------------------------------------------
   โถ Executing example_vsqn...

โโโโโโโโโโโโโโโโโโโโโโโโโโโโโโโโโโโโโโโโโโโโโโโโโโโโโโโโโโโ
    VenomML Example: VSQN Neural Network
โโโโโโโโโโโโโโโโโโโโโโโโโโโโโโโโโโโโโโโโโโโโโโโโโโโโโโโโโโโ

๐ง Building Sparse Quantum Network...
   Input Size: 8 features
   Neurons: 100 (quantum-organized)

Creating 100 Quantum Neurons and Mapping to Matrix...
๐ Training Patterns:
โโโโโโโโโโโโโโโโโโโโโโโโโโโโโโโโโโโโโโโโโโโโโโโโโโโโโโโโโโโ
   Pattern A (High): [0.80, 0.85, 0.90, 0.80, 0.85, 0.90, 0.80, 0.85] -> Target: 1.0
   Pattern B (Low):  [0.10, 0.15, 0.20, 0.10, 0.15, 0.20, 0.10, 0.15] -> Target: 0.0

๐ง Training (200 epochs)...
โโโโโโโโโโโโโโโโโโโโโโโโโโโโโโโโโโโโโโโโโโโโโโโโโโโโโโโโโโโ
  [Migration] Empty Quadrant for Layer 0. Migrating 30 neurons...
   Training complete!

๐ฎ Testing Predictions:
โโโโโโโโโโโโโโโโโโโโโโโโโโโโโโโโโโโโโโโโโโโโโโโโโโโโโโโโโโโ
  [VSQN] Input aligned to Layer 8, Quadrant 3. Activating 20/100 neurons.
   Pattern A (High) -> Output: 0.7780 (expected ~1.0)
  [VSQN] Input aligned to Layer 0, Quadrant 0. Activating 9/100 neurons.
   Pattern B (Low)  -> Output: 0.4279 (expected ~0.0)
  [VSQN] Input aligned to Layer 8, Quadrant 3. Activating 20/100 neurons.
   Pattern C (Mixed) -> Output: 0.6897 (expected ~0.5)

๐ก VSQN activates only relevant neurons via quantum sparsity!

   [0;32mโ PASS[0m: example_vsqn
--------------------------------------------------------
